<?xml version="1.0" encoding="UTF-8"?>
<!-- Generated by org.testng.reporters.JUnitXMLReporter -->
<testsuite ignored="2" hostname="LAPTOP-1OV7NF5L" failures="0" tests="2" name="LoginSalesforce" time="26.394" errors="0" timestamp="03 Apr 2022 12:34:22 GMT">
  <testcase classname="com.TestCases.TestCase01" name="login" time="12.772"/>
  <testcase classname="com.TestCases.TestCase02" name="userMenu" time="13.5"/>
  <testcase classname="com.CommonFuctions.CommonFuctions" name="@AfterSuite teardown" time="0.0">
    <ignored/>
  </testcase> <!-- @AfterSuite teardown -->
  <testcase classname="com.CommonFuctions.CommonFuctions" name="@BeforeSuite launchBrowser" time="0.0">
    <ignored/>
  </testcase> <!-- @BeforeSuite launchBrowser -->
</testsuite> <!-- LoginSalesforce -->
