<?xml version="1.0" encoding="UTF-8"?>
<!-- Generated by org.testng.reporters.JUnitXMLReporter -->
<testsuite ignored="1" hostname="LAPTOP-1OV7NF5L" failures="0" tests="7" name="Test cases" time="38.203" errors="0" timestamp="26 Mar 2022 21:18:48 GMT">
  <testcase classname="sampleTestNg.DependiesMangement" name="openAmazon" time="14.637"/>
  <testcase classname="sampleTestNg.DependiesMangement" name="openGoogle" time="8.471"/>
  <testcase classname="sampleTestNg.DependiesMangement" name="openSalesforce" time="9.756"/>
  <testcase classname="sampleTestNg.Asserstions" name="checkequal" time="0.008"/>
  <testcase classname="sampleTestNg.TestNgTestCase" name="login" time="0.002"/>
  <testcase classname="sampleTestNg.TestNgTestCase" name="profile" time="0.007"/>
  <testcase classname="sampleTestNg.TestNgTestCase" name="accounts" time="0.003"/>
  <testcase classname="sampleTestNg.TestNgTestCase" name="setting" time="0.0">
    <ignored/>
  </testcase> <!-- setting -->
</testsuite> <!-- Test cases -->
